d:\progs\visualstudioprojects\newbranch\consoleapplication1\consoleapplication1\debug\vc141.pdb
d:\progs\visualstudioprojects\newbranch\consoleapplication1\consoleapplication1\debug\vc141.idb
d:\progs\visualstudioprojects\newbranch\consoleapplication1\consoleapplication1\debug\weapon.obj
d:\progs\visualstudioprojects\newbranch\consoleapplication1\consoleapplication1\debug\vector2d.obj
d:\progs\visualstudioprojects\newbranch\consoleapplication1\consoleapplication1\debug\storymode.obj
d:\progs\visualstudioprojects\newbranch\consoleapplication1\consoleapplication1\debug\specialbattlefield.obj
d:\progs\visualstudioprojects\newbranch\consoleapplication1\consoleapplication1\debug\scene.obj
d:\progs\visualstudioprojects\newbranch\consoleapplication1\consoleapplication1\debug\reader.obj
d:\progs\visualstudioprojects\newbranch\consoleapplication1\consoleapplication1\debug\pathfinding.obj
d:\progs\visualstudioprojects\newbranch\consoleapplication1\consoleapplication1\debug\obstacle.obj
d:\progs\visualstudioprojects\newbranch\consoleapplication1\consoleapplication1\debug\object.obj
d:\progs\visualstudioprojects\newbranch\consoleapplication1\consoleapplication1\debug\meleeweapon.obj
d:\progs\visualstudioprojects\newbranch\consoleapplication1\consoleapplication1\debug\mainmenu.obj
d:\progs\visualstudioprojects\newbranch\consoleapplication1\consoleapplication1\debug\maincharacter.obj
d:\progs\visualstudioprojects\newbranch\consoleapplication1\consoleapplication1\debug\firearms.obj
d:\progs\visualstudioprojects\newbranch\consoleapplication1\consoleapplication1\debug\enemy.obj
d:\progs\visualstudioprojects\newbranch\consoleapplication1\consoleapplication1\debug\completeproject.obj
d:\progs\visualstudioprojects\newbranch\consoleapplication1\consoleapplication1\debug\character.obj
d:\progs\visualstudioprojects\newbranch\consoleapplication1\consoleapplication1\debug\battlemode.obj
d:\progs\visualstudioprojects\newbranch\consoleapplication1\consoleapplication1\debug\battlefield.obj
d:\progs\visualstudioprojects\newbranch\consoleapplication1\debug\consoleapplication1.exe
d:\progs\visualstudioprojects\newbranch\consoleapplication1\debug\consoleapplication1.ilk
d:\progs\visualstudioprojects\newbranch\consoleapplication1\debug\consoleapplication1.pdb
d:\progs\visualstudioprojects\newbranch\consoleapplication1\consoleapplication1\debug\consolea.2e2cb60c.tlog\cl.command.1.tlog
d:\progs\visualstudioprojects\newbranch\consoleapplication1\consoleapplication1\debug\consolea.2e2cb60c.tlog\cl.read.1.tlog
d:\progs\visualstudioprojects\newbranch\consoleapplication1\consoleapplication1\debug\consolea.2e2cb60c.tlog\cl.write.1.tlog
d:\progs\visualstudioprojects\newbranch\consoleapplication1\consoleapplication1\debug\consolea.2e2cb60c.tlog\link.command.1.tlog
d:\progs\visualstudioprojects\newbranch\consoleapplication1\consoleapplication1\debug\consolea.2e2cb60c.tlog\link.read.1.tlog
d:\progs\visualstudioprojects\newbranch\consoleapplication1\consoleapplication1\debug\consolea.2e2cb60c.tlog\link.write.1.tlog
